[05-Feb-2021 15:50:45 UTC] PHP Fatal error:  Uncaught Error: Call to undefined function get_themefile_uri() in /Users/mayank/Local Sites/bestfor/app/public/wp-content/themes/bestfor/header.php:47
Stack trace:
#0 /Users/mayank/Local Sites/bestfor/app/public/wp-includes/template.php(730): require_once()
#1 /Users/mayank/Local Sites/bestfor/app/public/wp-includes/template.php(676): load_template('/Users/mayank/L...', true, Array)
#2 /Users/mayank/Local Sites/bestfor/app/public/wp-includes/general-template.php(48): locate_template(Array, true, true, Array)
#3 /Users/mayank/Local Sites/bestfor/app/public/wp-content/themes/bestfor/index.php(17): get_header()
#4 /Users/mayank/Local Sites/bestfor/app/public/wp-includes/template-loader.php(106): include('/Users/mayank/L...')
#5 /Users/mayank/Local Sites/bestfor/app/public/wp-blog-header.php(19): require_once('/Users/mayank/L...')
#6 /Users/mayank/Local Sites/bestfor/app/public/index.php(17): require('/Users/mayank/L...')
#7 {main}
  thrown in /Users/mayank/Local Sites/bestfor/app/public/wp-content/themes/bestfor/header.php on line 47
[05-Feb-2021 16:18:36 UTC] PHP Parse error:  syntax error, unexpected 'endif' (T_ENDIF), expecting end of file in /Users/mayank/Local Sites/bestfor/app/public/wp-content/themes/bestfor/header.php on line 38
[05-Feb-2021 16:18:45 UTC] PHP Parse error:  syntax error, unexpected 'endif' (T_ENDIF), expecting end of file in /Users/mayank/Local Sites/bestfor/app/public/wp-content/themes/bestfor/header.php on line 38
[05-Feb-2021 16:18:56 UTC] PHP Parse error:  syntax error, unexpected 'endif' (T_ENDIF), expecting end of file in /Users/mayank/Local Sites/bestfor/app/public/wp-content/themes/bestfor/header.php on line 81
[06-Feb-2021 05:17:55 UTC] PHP Warning:  An unexpected error occurred. Something may be wrong with WordPress.org or this server&#8217;s configuration. If you continue to have problems, please try the <a href="https://wordpress.org/support/forums/">support forums</a>. (WordPress could not establish a secure connection to WordPress.org. Please contact your server administrator.) in /Users/mayank/Local Sites/bestfor/app/public/wp-admin/includes/update.php on line 143
[06-Feb-2021 05:17:55 UTC] PHP Stack trace:
[06-Feb-2021 05:17:55 UTC] PHP   1. {main}() /Users/mayank/Local Sites/bestfor/app/public/wp-cron.php:0
[06-Feb-2021 05:17:55 UTC] PHP   2. do_action_ref_array() /Users/mayank/Local Sites/bestfor/app/public/wp-cron.php:138
[06-Feb-2021 05:17:55 UTC] PHP   3. WP_Hook->do_action() /Users/mayank/Local Sites/bestfor/app/public/wp-includes/plugin.php:551
[06-Feb-2021 05:17:55 UTC] PHP   4. WP_Hook->apply_filters() /Users/mayank/Local Sites/bestfor/app/public/wp-includes/class-wp-hook.php:311
[06-Feb-2021 05:17:55 UTC] PHP   5. WP_Site_Health->wp_cron_scheduled_check() /Users/mayank/Local Sites/bestfor/app/public/wp-includes/class-wp-hook.php:287
[06-Feb-2021 05:17:55 UTC] PHP   6. WP_Site_Health->perform_test() /Users/mayank/Local Sites/bestfor/app/public/wp-admin/includes/class-wp-site-health.php:2633
[06-Feb-2021 05:17:55 UTC] PHP   7. WP_Site_Health->get_test_background_updates() /Users/mayank/Local Sites/bestfor/app/public/wp-admin/includes/class-wp-site-health.php:177
[06-Feb-2021 05:17:55 UTC] PHP   8. WP_Site_Health_Auto_Updates->run_tests() /Users/mayank/Local Sites/bestfor/app/public/wp-admin/includes/class-wp-site-health.php:1704
[06-Feb-2021 05:17:55 UTC] PHP   9. WP_Site_Health_Auto_Updates->test_all_files_writable() /Users/mayank/Local Sites/bestfor/app/public/wp-admin/includes/class-wp-site-health-auto-updates.php:37
[06-Feb-2021 05:17:55 UTC] PHP  10. get_core_checksums() /Users/mayank/Local Sites/bestfor/app/public/wp-admin/includes/class-wp-site-health-auto-updates.php:332
[06-Feb-2021 05:17:55 UTC] PHP  11. trigger_error() /Users/mayank/Local Sites/bestfor/app/public/wp-admin/includes/update.php:143
[06-Feb-2021 05:17:55 UTC] PHP Warning:  An unexpected error occurred. Something may be wrong with WordPress.org or this server&#8217;s configuration. If you continue to have problems, please try the <a href="https://wordpress.org/support/forums/">support forums</a>. (WordPress could not establish a secure connection to WordPress.org. Please contact your server administrator.) in /Users/mayank/Local Sites/bestfor/app/public/wp-includes/update.php on line 173
[06-Feb-2021 05:17:55 UTC] PHP Stack trace:
[06-Feb-2021 05:17:55 UTC] PHP   1. {main}() /Users/mayank/Local Sites/bestfor/app/public/wp-cron.php:0
[06-Feb-2021 05:17:55 UTC] PHP   2. do_action_ref_array() /Users/mayank/Local Sites/bestfor/app/public/wp-cron.php:138
[06-Feb-2021 05:17:55 UTC] PHP   3. WP_Hook->do_action() /Users/mayank/Local Sites/bestfor/app/public/wp-includes/plugin.php:551
[06-Feb-2021 05:17:55 UTC] PHP   4. WP_Hook->apply_filters() /Users/mayank/Local Sites/bestfor/app/public/wp-includes/class-wp-hook.php:311
[06-Feb-2021 05:17:55 UTC] PHP   5. wp_version_check() /Users/mayank/Local Sites/bestfor/app/public/wp-includes/class-wp-hook.php:287
[06-Feb-2021 05:17:55 UTC] PHP   6. trigger_error() /Users/mayank/Local Sites/bestfor/app/public/wp-includes/update.php:173
[06-Feb-2021 05:17:55 UTC] PHP Warning:  An unexpected error occurred. Something may be wrong with WordPress.org or this server&#8217;s configuration. If you continue to have problems, please try the <a href="https://wordpress.org/support/forums/">support forums</a>. (WordPress could not establish a secure connection to WordPress.org. Please contact your server administrator.) in /Users/mayank/Local Sites/bestfor/app/public/wp-includes/update.php on line 408
[06-Feb-2021 05:17:55 UTC] PHP Stack trace:
[06-Feb-2021 05:17:55 UTC] PHP   1. {main}() /Users/mayank/Local Sites/bestfor/app/public/wp-cron.php:0
[06-Feb-2021 05:17:55 UTC] PHP   2. do_action_ref_array() /Users/mayank/Local Sites/bestfor/app/public/wp-cron.php:138
[06-Feb-2021 05:17:55 UTC] PHP   3. WP_Hook->do_action() /Users/mayank/Local Sites/bestfor/app/public/wp-includes/plugin.php:551
[06-Feb-2021 05:17:55 UTC] PHP   4. WP_Hook->apply_filters() /Users/mayank/Local Sites/bestfor/app/public/wp-includes/class-wp-hook.php:311
[06-Feb-2021 05:17:55 UTC] PHP   5. wp_update_plugins() /Users/mayank/Local Sites/bestfor/app/public/wp-includes/class-wp-hook.php:287
[06-Feb-2021 05:17:55 UTC] PHP   6. trigger_error() /Users/mayank/Local Sites/bestfor/app/public/wp-includes/update.php:408
[06-Feb-2021 05:17:55 UTC] PHP Warning:  An unexpected error occurred. Something may be wrong with WordPress.org or this server&#8217;s configuration. If you continue to have problems, please try the <a href="https://wordpress.org/support/forums/">support forums</a>. (WordPress could not establish a secure connection to WordPress.org. Please contact your server administrator.) in /Users/mayank/Local Sites/bestfor/app/public/wp-includes/update.php on line 612
[06-Feb-2021 05:17:55 UTC] PHP Stack trace:
[06-Feb-2021 05:17:55 UTC] PHP   1. {main}() /Users/mayank/Local Sites/bestfor/app/public/wp-cron.php:0
[06-Feb-2021 05:17:55 UTC] PHP   2. do_action_ref_array() /Users/mayank/Local Sites/bestfor/app/public/wp-cron.php:138
[06-Feb-2021 05:17:55 UTC] PHP   3. WP_Hook->do_action() /Users/mayank/Local Sites/bestfor/app/public/wp-includes/plugin.php:551
[06-Feb-2021 05:17:55 UTC] PHP   4. WP_Hook->apply_filters() /Users/mayank/Local Sites/bestfor/app/public/wp-includes/class-wp-hook.php:311
[06-Feb-2021 05:17:55 UTC] PHP   5. wp_update_themes() /Users/mayank/Local Sites/bestfor/app/public/wp-includes/class-wp-hook.php:287
[06-Feb-2021 05:17:55 UTC] PHP   6. trigger_error() /Users/mayank/Local Sites/bestfor/app/public/wp-includes/update.php:612
[06-Feb-2021 05:18:04 UTC] PHP Warning:  An unexpected error occurred. Something may be wrong with WordPress.org or this server&#8217;s configuration. If you continue to have problems, please try the <a href="https://wordpress.org/support/forums/">support forums</a>. (WordPress could not establish a secure connection to WordPress.org. Please contact your server administrator.) in /Users/mayank/Local Sites/bestfor/app/public/wp-admin/includes/plugin-install.php on line 183
[06-Feb-2021 05:18:04 UTC] PHP Stack trace:
[06-Feb-2021 05:18:04 UTC] PHP   1. {main}() /Users/mayank/Local Sites/bestfor/app/public/wp-admin/plugin-install.php:0
[06-Feb-2021 05:18:04 UTC] PHP   2. do_action() /Users/mayank/Local Sites/bestfor/app/public/wp-admin/plugin-install.php:173
[06-Feb-2021 05:18:04 UTC] PHP   3. WP_Hook->do_action() /Users/mayank/Local Sites/bestfor/app/public/wp-includes/plugin.php:484
[06-Feb-2021 05:18:04 UTC] PHP   4. WP_Hook->apply_filters() /Users/mayank/Local Sites/bestfor/app/public/wp-includes/class-wp-hook.php:311
[06-Feb-2021 05:18:04 UTC] PHP   5. install_dashboard() /Users/mayank/Local Sites/bestfor/app/public/wp-includes/class-wp-hook.php:287
[06-Feb-2021 05:18:04 UTC] PHP   6. install_popular_tags() /Users/mayank/Local Sites/bestfor/app/public/wp-admin/includes/plugin-install.php:285
[06-Feb-2021 05:18:04 UTC] PHP   7. plugins_api() /Users/mayank/Local Sites/bestfor/app/public/wp-admin/includes/plugin-install.php:252
[06-Feb-2021 05:18:04 UTC] PHP   8. trigger_error() /Users/mayank/Local Sites/bestfor/app/public/wp-admin/includes/plugin-install.php:183
[07-Feb-2021 03:39:07 UTC] PHP Warning:  An unexpected error occurred. Something may be wrong with WordPress.org or this server&#8217;s configuration. If you continue to have problems, please try the <a href="https://wordpress.org/support/forums/">support forums</a>. (WordPress could not establish a secure connection to WordPress.org. Please contact your server administrator.) in /Users/mayank/Local Sites/bestfor/app/public/wp-includes/update.php on line 173
[07-Feb-2021 03:39:07 UTC] PHP Stack trace:
[07-Feb-2021 03:39:07 UTC] PHP   1. {main}() /Users/mayank/Local Sites/bestfor/app/public/wp-cron.php:0
[07-Feb-2021 03:39:07 UTC] PHP   2. do_action_ref_array() /Users/mayank/Local Sites/bestfor/app/public/wp-cron.php:138
[07-Feb-2021 03:39:07 UTC] PHP   3. WP_Hook->do_action() /Users/mayank/Local Sites/bestfor/app/public/wp-includes/plugin.php:551
[07-Feb-2021 03:39:07 UTC] PHP   4. WP_Hook->apply_filters() /Users/mayank/Local Sites/bestfor/app/public/wp-includes/class-wp-hook.php:311
[07-Feb-2021 03:39:07 UTC] PHP   5. wp_version_check() /Users/mayank/Local Sites/bestfor/app/public/wp-includes/class-wp-hook.php:287
[07-Feb-2021 03:39:07 UTC] PHP   6. trigger_error() /Users/mayank/Local Sites/bestfor/app/public/wp-includes/update.php:173
[07-Feb-2021 03:39:07 UTC] PHP Warning:  An unexpected error occurred. Something may be wrong with WordPress.org or this server&#8217;s configuration. If you continue to have problems, please try the <a href="https://wordpress.org/support/forums/">support forums</a>. (WordPress could not establish a secure connection to WordPress.org. Please contact your server administrator.) in /Users/mayank/Local Sites/bestfor/app/public/wp-includes/update.php on line 408
[07-Feb-2021 03:39:07 UTC] PHP Stack trace:
[07-Feb-2021 03:39:07 UTC] PHP   1. {main}() /Users/mayank/Local Sites/bestfor/app/public/wp-cron.php:0
[07-Feb-2021 03:39:07 UTC] PHP   2. do_action_ref_array() /Users/mayank/Local Sites/bestfor/app/public/wp-cron.php:138
[07-Feb-2021 03:39:07 UTC] PHP   3. WP_Hook->do_action() /Users/mayank/Local Sites/bestfor/app/public/wp-includes/plugin.php:551
[07-Feb-2021 03:39:07 UTC] PHP   4. WP_Hook->apply_filters() /Users/mayank/Local Sites/bestfor/app/public/wp-includes/class-wp-hook.php:311
[07-Feb-2021 03:39:07 UTC] PHP   5. wp_update_plugins() /Users/mayank/Local Sites/bestfor/app/public/wp-includes/class-wp-hook.php:287
[07-Feb-2021 03:39:07 UTC] PHP   6. trigger_error() /Users/mayank/Local Sites/bestfor/app/public/wp-includes/update.php:408
[07-Feb-2021 03:39:07 UTC] PHP Warning:  An unexpected error occurred. Something may be wrong with WordPress.org or this server&#8217;s configuration. If you continue to have problems, please try the <a href="https://wordpress.org/support/forums/">support forums</a>. (WordPress could not establish a secure connection to WordPress.org. Please contact your server administrator.) in /Users/mayank/Local Sites/bestfor/app/public/wp-includes/update.php on line 612
[07-Feb-2021 03:39:07 UTC] PHP Stack trace:
[07-Feb-2021 03:39:07 UTC] PHP   1. {main}() /Users/mayank/Local Sites/bestfor/app/public/wp-cron.php:0
[07-Feb-2021 03:39:07 UTC] PHP   2. do_action_ref_array() /Users/mayank/Local Sites/bestfor/app/public/wp-cron.php:138
[07-Feb-2021 03:39:07 UTC] PHP   3. WP_Hook->do_action() /Users/mayank/Local Sites/bestfor/app/public/wp-includes/plugin.php:551
[07-Feb-2021 03:39:07 UTC] PHP   4. WP_Hook->apply_filters() /Users/mayank/Local Sites/bestfor/app/public/wp-includes/class-wp-hook.php:311
[07-Feb-2021 03:39:07 UTC] PHP   5. wp_update_themes() /Users/mayank/Local Sites/bestfor/app/public/wp-includes/class-wp-hook.php:287
[07-Feb-2021 03:39:07 UTC] PHP   6. trigger_error() /Users/mayank/Local Sites/bestfor/app/public/wp-includes/update.php:612
